<?xml version="1.0" encoding="UTF-8"?>
<!-- Generated by org.testng.reporters.JUnitReportReporter -->
<testsuite skipped="0" hostname="Hp" name="com.crm.qa.testcases.HomePageTest" tests="3" failures="0" timestamp="14 Feb 2018 09:16:33 GMT" time="51.066" errors="0">
  <testcase name="titleTest" time="14.817" classname="com.crm.qa.testcases.HomePageTest"/>
  <testcase name="loginUserTest" time="18.485" classname="com.crm.qa.testcases.HomePageTest"/>
  <testcase name="contactLinkTest" time="17.764" classname="com.crm.qa.testcases.HomePageTest"/>
</testsuite> <!-- com.crm.qa.testcases.HomePageTest -->
