<?xml version="1.0" encoding="UTF-8"?>
<!-- Generated by org.testng.reporters.JUnitReportReporter -->
<testsuite hostname="Hp" failures="0" tests="2" name="com.crm.qa.testdata.HomePageTest" time="39.051" errors="0" timestamp="02 Feb 2018 18:12:14 GMT" skipped="0">
  <testcase classname="com.crm.qa.testdata.HomePageTest" name="loginUserTest" time="20.487"/>
  <testcase classname="com.crm.qa.testdata.HomePageTest" name="titleTest" time="18.564"/>
</testsuite> <!-- com.crm.qa.testdata.HomePageTest -->
