<?xml version="1.0" encoding="UTF-8"?>
<!-- Generated by org.testng.reporters.JUnitReportReporter -->
<testsuite hostname="Hp" failures="0" tests="2" name="com.crm.qa.testdata.ContactPageTest" time="43.518" errors="0" timestamp="05 Feb 2018 11:02:18 GMT" skipped="0">
  <testcase classname="com.crm.qa.testdata.ContactPageTest" name="contactpageTest" time="23.129"/>
  <testcase classname="com.crm.qa.testdata.ContactPageTest" name="contactListTest" time="20.389"/>
</testsuite> <!-- com.crm.qa.testdata.ContactPageTest -->
