<?xml version="1.0" encoding="UTF-8"?>
<!-- Generated by org.testng.reporters.JUnitReportReporter -->
<testsuite skipped="0" hostname="Hp" name="com.crm.qa.testcases.LoginTest" tests="2" failures="0" timestamp="14 Feb 2018 09:16:33 GMT" time="162.806" errors="0">
  <testcase name="titleTest" time="143.684" classname="com.crm.qa.testcases.LoginTest"/>
  <testcase name="LogincaseTest" time="19.122" classname="com.crm.qa.testcases.LoginTest"/>
</testsuite> <!-- com.crm.qa.testcases.LoginTest -->
