<?xml version="1.0" encoding="UTF-8"?>
<!-- Generated by org.testng.reporters.JUnitReportReporter -->
<testsuite skipped="0" hostname="Hp" name="com.crm.qa.testcases.LoginTest" tests="2" failures="0" timestamp="15 Feb 2018 10:26:57 GMT" time="33.900" errors="0">
  <testcase name="titleTest" time="15.446" classname="com.crm.qa.testcases.LoginTest"/>
  <testcase name="LogincaseTest" time="18.454" classname="com.crm.qa.testcases.LoginTest"/>
</testsuite> <!-- com.crm.qa.testcases.LoginTest -->
