<?xml version="1.0" encoding="UTF-8"?>
<!-- Generated by org.testng.reporters.JUnitReportReporter -->
<testsuite skipped="0" hostname="Hp" name="com.crm.qa.testcases.HomePageTest" tests="3" failures="0" timestamp="15 Feb 2018 10:26:57 GMT" time="70.603" errors="0">
  <testcase name="titleTest" time="21.136" classname="com.crm.qa.testcases.HomePageTest"/>
  <testcase name="loginUserTest" time="23.001" classname="com.crm.qa.testcases.HomePageTest"/>
  <testcase name="contactLinkTest" time="26.466" classname="com.crm.qa.testcases.HomePageTest"/>
</testsuite> <!-- com.crm.qa.testcases.HomePageTest -->
